start
Warning: You are sending unauthenticated requests to the HF Hub. Please set a HF_TOKEN to enable higher rate limits and faster downloads.
tok 3.362647771835327
/Users/muxincg/project/EvoScientist/.venv/lib/python3.11/site-packages/datasets/load.py:1499: FutureWarning: The repository for wiki_dpr contains custom code which must be executed to correctly load the dataset. You can inspect the repository content at https://hf.co/datasets/wiki_dpr
You can avoid this message in future by passing the argument `trust_remote_code=True`.
Passing `trust_remote_code=True` will be mandatory to load this dataset from the next major release of `datasets`.
  warnings.warn(
ret 22.689029693603516
Loading weights:   0%|          | 0/711 [00:00<?, ?it/s]Loading weights: 100%|██████████| 711/711 [00:00<00:00, 61612.13it/s]
The tied weights mapping and config for this model specifies to tie rag.generator.model.shared.weight to rag.generator.model.decoder.embed_tokens.weight, but both are present in the checkpoints, so we will NOT tie them. You should update the config with `tie_word_embeddings=False` to silence this warning
The tied weights mapping and config for this model specifies to tie rag.generator.model.shared.weight to rag.generator.model.encoder.embed_tokens.weight, but both are present in the checkpoints, so we will NOT tie them. You should update the config with `tie_word_embeddings=False` to silence this warning
[1mRagSequenceForGeneration LOAD REPORT[0m from: facebook/rag-sequence-base
Key                                                                      | Status     |  | 
-------------------------------------------------------------------------+------------+--+-
rag.question_encoder.question_encoder.bert_model.pooler.dense.weight     | UNEXPECTED |  | 
rag.question_encoder.question_encoder.bert_model.embeddings.position_ids | UNEXPECTED |  | 
rag.question_encoder.question_encoder.bert_model.pooler.dense.bias       | UNEXPECTED |  | 

[3mNotes:
- UNEXPECTED[3m	:can be ignored when loading from different task/architecture; not ok if you expect identical arch.[0m
model 24.804887771606445
enc
Traceback (most recent call last):
  File "<stdin>", line 16, in <module>
  File "/Users/muxincg/project/EvoScientist/.venv/lib/python3.11/site-packages/torch/utils/_contextlib.py", line 124, in decorate_context
    return func(*args, **kwargs)
           ^^^^^^^^^^^^^^^^^^^^^
  File "/Users/muxincg/project/EvoScientist/.venv/lib/python3.11/site-packages/transformers/models/rag/modeling_rag.py", line 943, in generate
    num_return_sequences if num_return_sequences is not None else self.config.num_return_sequences
                                                                  ^^^^^^^^^^^^^^^^^^^^^^^^^^^^^^^^
  File "/Users/muxincg/project/EvoScientist/.venv/lib/python3.11/site-packages/transformers/configuration_utils.py", line 164, in __getattribute__
    return super().__getattribute__(key)
           ^^^^^^^^^^^^^^^^^^^^^^^^^^^^^
AttributeError: 'RagConfig' object has no attribute 'num_return_sequences'
Cancellation requested; stopping current tasks.
Exception in thread Thread-auto_conversion:
Traceback (most recent call last):
  File "/Users/muxincg/.local/share/uv/python/cpython-3.11.14-macos-aarch64-none/lib/python3.11/threading.py", line 1045, in _bootstrap_inner
    self.run()
  File "/Users/muxincg/.local/share/uv/python/cpython-3.11.14-macos-aarch64-none/lib/python3.11/threading.py", line 982, in run
    self._target(*self._args, **self._kwargs)
  File "/Users/muxincg/project/EvoScientist/.venv/lib/python3.11/site-packages/transformers/safetensors_conversion.py", line 113, in auto_conversion
    resolved_archive_file = cached_file(pretrained_model_name_or_path, filename, **cached_file_kwargs)
                            ^^^^^^^^^^^^^^^^^^^^^^^^^^^^^^^^^^^^^^^^^^^^^^^^^^^^^^^^^^^^^^^^^^^^^^^^^^
  File "/Users/muxincg/project/EvoScientist/.venv/lib/python3.11/site-packages/transformers/utils/hub.py", line 277, in cached_file
    file = cached_files(path_or_repo_id=path_or_repo_id, filenames=[filename], **kwargs)
           ^^^^^^^^^^^^^^^^^^^^^^^^^^^^^^^^^^^^^^^^^^^^^^^^^^^^^^^^^^^^^^^^^^^^^^^^^^^^^
  File "/Users/muxincg/project/EvoScientist/.venv/lib/python3.11/site-packages/transformers/utils/hub.py", line 420, in cached_files
    hf_hub_download(
  File "/Users/muxincg/project/EvoScientist/.venv/lib/python3.11/site-packages/huggingface_hub/utils/_validators.py", line 89, in _inner_fn
    return fn(*args, **kwargs)
           ^^^^^^^^^^^^^^^^^^^
  File "/Users/muxincg/project/EvoScientist/.venv/lib/python3.11/site-packages/huggingface_hub/file_download.py", line 986, in hf_hub_download
    return _hf_hub_download_to_cache_dir(
           ^^^^^^^^^^^^^^^^^^^^^^^^^^^^^^
  File "/Users/muxincg/project/EvoScientist/.venv/lib/python3.11/site-packages/huggingface_hub/file_download.py", line 1202, in _hf_hub_download_to_cache_dir
    _download_to_tmp_and_move(
  File "/Users/muxincg/project/EvoScientist/.venv/lib/python3.11/site-packages/huggingface_hub/file_download.py", line 1826, in _download_to_tmp_and_move
    xet_get(
  File "/Users/muxincg/project/EvoScientist/.venv/lib/python3.11/site-packages/huggingface_hub/file_download.py", line 549, in xet_get
    download_files(
KeyboardInterrupt
